0 info it worked if it ends with ok
1 verbose cli [ 'node',
1 verbose cli   '/usr/local/bin/npm',
1 verbose cli   'install',
1 verbose cli   'grunt-contrib-sass',
1 verbose cli   '--save-dev' ]
2 info using npm@1.4.28
3 info using node@v0.10.35
4 warn package.json percolate@0.0.0 No description
5 warn package.json percolate@0.0.0 No repository field.
6 warn package.json percolate@0.0.0 No README data
7 verbose readDependencies using package.json deps
8 verbose cache add [ 'grunt-contrib-sass', null ]
9 verbose cache add name=undefined spec="grunt-contrib-sass" args=["grunt-contrib-sass",null]
10 verbose parsed url { protocol: null,
10 verbose parsed url   slashes: null,
10 verbose parsed url   auth: null,
10 verbose parsed url   host: null,
10 verbose parsed url   port: null,
10 verbose parsed url   hostname: null,
10 verbose parsed url   hash: null,
10 verbose parsed url   search: null,
10 verbose parsed url   query: null,
10 verbose parsed url   pathname: 'grunt-contrib-sass',
10 verbose parsed url   path: 'grunt-contrib-sass',
10 verbose parsed url   href: 'grunt-contrib-sass' }
11 silly lockFile d7fc68e3-grunt-contrib-sass grunt-contrib-sass
12 verbose lock grunt-contrib-sass /Users/cb/.npm/d7fc68e3-grunt-contrib-sass.lock
13 silly lockFile d7fc68e3-grunt-contrib-sass grunt-contrib-sass
14 silly lockFile d7fc68e3-grunt-contrib-sass grunt-contrib-sass
15 verbose addNamed [ 'grunt-contrib-sass', '' ]
16 verbose addNamed [ null, '*' ]
17 silly lockFile 5a9e20b6-grunt-contrib-sass grunt-contrib-sass@
18 verbose lock grunt-contrib-sass@ /Users/cb/.npm/5a9e20b6-grunt-contrib-sass.lock
19 silly addNameRange { name: 'grunt-contrib-sass', range: '*', hasData: false }
20 verbose request where is /grunt-contrib-sass
21 verbose request registry https://registry.npmjs.org/
22 verbose request id c27a24520d0b11dc
23 verbose url raw /grunt-contrib-sass
24 verbose url resolving [ 'https://registry.npmjs.org/', './grunt-contrib-sass' ]
25 verbose url resolved https://registry.npmjs.org/grunt-contrib-sass
26 verbose request where is https://registry.npmjs.org/grunt-contrib-sass
27 info trying registry request attempt 1 at 12:40:31
28 verbose etag "3YKIGOW1M7W5OMWPKH8QCIJEP"
29 http GET https://registry.npmjs.org/grunt-contrib-sass
30 http 200 https://registry.npmjs.org/grunt-contrib-sass
31 silly registry.get cb [ 200,
31 silly registry.get   { date: 'Wed, 11 Mar 2015 16:40:32 GMT',
31 silly registry.get     server: 'CouchDB/1.5.0 (Erlang OTP/R16B03)',
31 silly registry.get     etag: '"65XCUE77RAAM0Q6HVEGZYZ9CT"',
31 silly registry.get     'content-type': 'application/json',
31 silly registry.get     'cache-control': 'max-age=60',
31 silly registry.get     'content-length': '46704',
31 silly registry.get     'accept-ranges': 'bytes',
31 silly registry.get     via: '1.1 varnish',
31 silly registry.get     age: '0',
31 silly registry.get     'x-served-by': 'cache-iad2133-IAD',
31 silly registry.get     'x-cache': 'HIT',
31 silly registry.get     'x-cache-hits': '1',
31 silly registry.get     'x-timer': 'S1426092032.110688,VS0,VE54',
31 silly registry.get     vary: 'Accept',
31 silly registry.get     'keep-alive': 'timeout=10, max=50',
31 silly registry.get     connection: 'Keep-Alive' } ]
32 silly addNameRange number 2 { name: 'grunt-contrib-sass', range: '*', hasData: true }
33 silly addNameRange versions [ 'grunt-contrib-sass',
33 silly addNameRange   [ '0.1.0',
33 silly addNameRange     '0.1.1',
33 silly addNameRange     '0.1.2',
33 silly addNameRange     '0.1.3',
33 silly addNameRange     '0.2.0',
33 silly addNameRange     '0.2.1',
33 silly addNameRange     '0.2.2',
33 silly addNameRange     '0.3.0',
33 silly addNameRange     '0.4.0',
33 silly addNameRange     '0.4.1',
33 silly addNameRange     '0.5.0',
33 silly addNameRange     '0.5.1',
33 silly addNameRange     '0.6.0',
33 silly addNameRange     '0.2.2-rc7',
33 silly addNameRange     '0.7.0',
33 silly addNameRange     '0.7.1',
33 silly addNameRange     '0.7.2',
33 silly addNameRange     '0.7.3',
33 silly addNameRange     '0.7.4',
33 silly addNameRange     '0.8.0',
33 silly addNameRange     '0.8.1',
33 silly addNameRange     '0.9.0',
33 silly addNameRange     '0.9.1',
33 silly addNameRange     '0.9.2' ] ]
34 verbose addNamed [ 'grunt-contrib-sass', '0.9.2' ]
35 verbose addNamed [ '0.9.2', '0.9.2' ]
36 silly lockFile caee62b2-grunt-contrib-sass-0-9-2 grunt-contrib-sass@0.9.2
37 verbose lock grunt-contrib-sass@0.9.2 /Users/cb/.npm/caee62b2-grunt-contrib-sass-0-9-2.lock
38 silly lockFile 103217e2-ass-grunt-contrib-sass-0-9-2-tgz https://registry.npmjs.org/grunt-contrib-sass/-/grunt-contrib-sass-0.9.2.tgz
39 verbose lock https://registry.npmjs.org/grunt-contrib-sass/-/grunt-contrib-sass-0.9.2.tgz /Users/cb/.npm/103217e2-ass-grunt-contrib-sass-0-9-2-tgz.lock
40 verbose addRemoteTarball [ 'https://registry.npmjs.org/grunt-contrib-sass/-/grunt-contrib-sass-0.9.2.tgz',
40 verbose addRemoteTarball   '749f0e78284e91452c5a57fe044dde34489513c6' ]
41 info retry fetch attempt 1 at 12:40:32
42 verbose fetch to= /var/folders/2l/hnzkjmr97nd86z68jswk79mh0000gn/T/npm-42318-vY0aLC2a/registry.npmjs.org/grunt-contrib-sass/-/grunt-contrib-sass-0.9.2.tgz
43 http GET https://registry.npmjs.org/grunt-contrib-sass/-/grunt-contrib-sass-0.9.2.tgz
44 http 200 https://registry.npmjs.org/grunt-contrib-sass/-/grunt-contrib-sass-0.9.2.tgz
45 silly lockFile 103217e2-ass-grunt-contrib-sass-0-9-2-tgz https://registry.npmjs.org/grunt-contrib-sass/-/grunt-contrib-sass-0.9.2.tgz
46 silly lockFile 103217e2-ass-grunt-contrib-sass-0-9-2-tgz https://registry.npmjs.org/grunt-contrib-sass/-/grunt-contrib-sass-0.9.2.tgz
47 silly lockFile caee62b2-grunt-contrib-sass-0-9-2 grunt-contrib-sass@0.9.2
48 silly lockFile caee62b2-grunt-contrib-sass-0-9-2 grunt-contrib-sass@0.9.2
49 silly lockFile 5a9e20b6-grunt-contrib-sass grunt-contrib-sass@
50 silly lockFile 5a9e20b6-grunt-contrib-sass grunt-contrib-sass@
51 error Error: EACCES, mkdir '/Users/cb/.npm/grunt-contrib-sass/0.9.2'
51 error  { [Error: EACCES, mkdir '/Users/cb/.npm/grunt-contrib-sass/0.9.2']
51 error   errno: 3,
51 error   code: 'EACCES',
51 error   path: '/Users/cb/.npm/grunt-contrib-sass/0.9.2',
51 error   parent: 'percolate' }
52 error Please try running this command again as root/Administrator.
53 error System Darwin 14.0.0
54 error command "node" "/usr/local/bin/npm" "install" "grunt-contrib-sass" "--save-dev"
55 error cwd /Users/cb/Tenets/Percolate
56 error node -v v0.10.35
57 error npm -v 1.4.28
58 error path /Users/cb/.npm/grunt-contrib-sass/0.9.2
59 error code EACCES
60 error errno 3
61 error stack Error: EACCES, mkdir '/Users/cb/.npm/grunt-contrib-sass/0.9.2'
62 verbose exit [ 3, true ]
